app/build/intermediates/manifest_merge_blame_file/debug/manifest-merger-blame-debug-report.txt
1<?xml version="1.0" encoding="utf-8"?>
2<manifest xmlns:android="http://schemas.android.com/apk/res/android"
3    package="com.example.quizapptrivia"
4    android:versionCode="1"
5    android:versionName="1.0" >
6
7    <uses-sdk
8        android:minSdkVersion="21"
8-->src/main/AndroidManifest.xml
9        android:targetSdkVersion="33" />
9-->src/main/AndroidManifest.xml
10
11    <uses-permission android:name="android.permission.INTERNET" />
11-->src/main/AndroidManifest.xml:5:5-67
11-->src/main/AndroidManifest.xml:5:22-64
12
13    <permission
13-->[androidx.core:core:1.9.0] AndroidManifest.xml:22:5-24:47
14        android:name="com.example.quizapptrivia.DYNAMIC_RECEIVER_NOT_EXPORTED_PERMISSION"
14-->[androidx.core:core:1.9.0] AndroidManifest.xml:23:9-81
15        android:protectionLevel="signature" />
15-->[androidx.core:core:1.9.0] AndroidManifest.xml:24:9-44
16
17    <uses-permission android:name="com.example.quizapptrivia.DYNAMIC_RECEIVER_NOT_EXPORTED_PERMISSION" />
17-->[androidx.core:core:1.9.0] AndroidManifest.xml:26:5-97
17-->[androidx.core:core:1.9.0] AndroidManifest.xml:26:22-94
18
19    <application
19-->src/main/AndroidManifest.xml:6:5-54:19
20        android:allowBackup="true"
20-->src/main/AndroidManifest.xml:7:9-35
21        android:appComponentFactory="androidx.core.app.CoreComponentFactory"
21-->[androidx.core:core:1.9.0] AndroidManifest.xml:28:18-86
22        android:dataExtractionRules="@xml/data_extraction_rules"
22-->src/main/AndroidManifest.xml:8:9-65
23        android:debuggable="true"
24        android:fullBackupContent="@xml/backup_rules"
24-->src/main/AndroidManifest.xml:9:9-54
25        android:icon="@mipmap/ic_launcher"
25-->src/main/AndroidManifest.xml:10:9-43
26        android:label="@string/app_name"
26-->src/main/AndroidManifest.xml:11:9-41
27        android:roundIcon="@mipmap/ic_launcher_round"
27-->src/main/AndroidManifest.xml:13:9-54
28        android:supportsRtl="true"
28-->src/main/AndroidManifest.xml:14:9-35
29        android:testOnly="true"
30        android:theme="@style/Theme.QuizAppTrivia" >
30-->src/main/AndroidManifest.xml:15:9-51
31        <activity
31-->src/main/AndroidManifest.xml:17:9-24:20
32            android:name="com.example.quizapptrivia.ResultActivity"
32-->src/main/AndroidManifest.xml:18:13-43
33            android:exported="false"
33-->src/main/AndroidManifest.xml:20:13-37
34            android:screenOrientation="portrait" >
34-->src/main/AndroidManifest.xml:19:13-49
35            <meta-data
35-->src/main/AndroidManifest.xml:21:13-23:36
36                android:name="android.app.lib_name"
36-->src/main/AndroidManifest.xml:22:17-52
37                android:value="" />
37-->src/main/AndroidManifest.xml:23:17-33
38        </activity>
39        <activity
39-->src/main/AndroidManifest.xml:25:9-30:77
40            android:name="com.example.quizapptrivia.QuizActivity"
40-->src/main/AndroidManifest.xml:26:13-41
41            android:exported="false"
41-->src/main/AndroidManifest.xml:27:13-37
42            android:label="@string/title_activity_quiz"
42-->src/main/AndroidManifest.xml:28:13-56
43            android:screenOrientation="portrait"
43-->src/main/AndroidManifest.xml:29:13-49
44            android:theme="@style/ThemeOverlay.QuizAppTrivia.NoActionBar" />
44-->src/main/AndroidManifest.xml:30:13-74
45        <activity
45-->src/main/AndroidManifest.xml:31:9-39:20
46            android:name="com.example.quizapptrivia.Difficulty"
46-->src/main/AndroidManifest.xml:32:13-39
47            android:exported="false"
47-->src/main/AndroidManifest.xml:33:13-37
48            android:label="Difficulty"
48-->src/main/AndroidManifest.xml:35:13-39
49            android:screenOrientation="portrait" >
49-->src/main/AndroidManifest.xml:34:13-49
50            <meta-data
50-->src/main/AndroidManifest.xml:21:13-23:36
51                android:name="android.app.lib_name"
51-->src/main/AndroidManifest.xml:22:17-52
52                android:value="" />
52-->src/main/AndroidManifest.xml:23:17-33
53        </activity>
54        <activity
54-->src/main/AndroidManifest.xml:40:9-53:20
55            android:name="com.example.quizapptrivia.MainActivity"
55-->src/main/AndroidManifest.xml:41:13-41
56            android:exported="true"
56-->src/main/AndroidManifest.xml:43:13-36
57            android:screenOrientation="portrait" >
57-->src/main/AndroidManifest.xml:42:13-49
58            <intent-filter>
58-->src/main/AndroidManifest.xml:44:13-48:29
59                <action android:name="android.intent.action.MAIN" />
59-->src/main/AndroidManifest.xml:45:17-69
59-->src/main/AndroidManifest.xml:45:25-66
60
61                <category android:name="android.intent.category.LAUNCHER" />
61-->src/main/AndroidManifest.xml:47:17-77
61-->src/main/AndroidManifest.xml:47:27-74
62            </intent-filter>
63
64            <meta-data
64-->src/main/AndroidManifest.xml:21:13-23:36
65                android:name="android.app.lib_name"
65-->src/main/AndroidManifest.xml:22:17-52
66                android:value="" />
66-->src/main/AndroidManifest.xml:23:17-33
67        </activity>
68
69        <provider
69-->[androidx.emoji2:emoji2:1.2.0] AndroidManifest.xml:24:9-32:20
70            android:name="androidx.startup.InitializationProvider"
70-->[androidx.emoji2:emoji2:1.2.0] AndroidManifest.xml:25:13-67
71            android:authorities="com.example.quizapptrivia.androidx-startup"
71-->[androidx.emoji2:emoji2:1.2.0] AndroidManifest.xml:26:13-68
72            android:exported="false" >
72-->[androidx.emoji2:emoji2:1.2.0] AndroidManifest.xml:27:13-37
73            <meta-data
73-->[androidx.emoji2:emoji2:1.2.0] AndroidManifest.xml:29:13-31:52
74                android:name="androidx.emoji2.text.EmojiCompatInitializer"
74-->[androidx.emoji2:emoji2:1.2.0] AndroidManifest.xml:30:17-75
75                android:value="androidx.startup" />
75-->[androidx.emoji2:emoji2:1.2.0] AndroidManifest.xml:31:17-49
76            <meta-data
76-->[androidx.lifecycle:lifecycle-process:2.4.1] AndroidManifest.xml:31:13-33:52
77                android:name="androidx.lifecycle.ProcessLifecycleInitializer"
77-->[androidx.lifecycle:lifecycle-process:2.4.1] AndroidManifest.xml:32:17-78
78                android:value="androidx.startup" />
78-->[androidx.lifecycle:lifecycle-process:2.4.1] AndroidManifest.xml:33:17-49
79        </provider>
80    </application>
81
82</manifest>